{"meta": {"version": "5.3", "timestamp": "2020-12-21T13:17:42.815334", "branch_coverage": false, "show_contexts": false}, "files": {"alembic/versions/20200903131247_8e51cb7f9a0a_initial.py": {"executed_lines": [1, 8, 9, 10, 13, 14, 15, 16, 19, 30], "summary": {"covered_lines": 9, "num_statements": 11, "percent_covered": 81.81818181818181, "missing_lines": 2, "excluded_lines": 0}, "missing_lines": [21, 32], "excluded_lines": []}, "alembic/versions/20200904103521_5616e5d22cac_add_models.py": {"executed_lines": [1, 9, 10, 14, 15, 16, 17, 20, 52], "summary": {"covered_lines": 8, "num_statements": 16, "percent_covered": 50.0, "missing_lines": 8, "excluded_lines": 0}, "missing_lines": [22, 28, 33, 40, 54, 55, 56, 57], "excluded_lines": []}, "alembic/versions/20201012142612_3774a01be3f5_add_test_column.py": {"executed_lines": [1, 8, 9, 13, 14, 15, 16, 19, 25], "summary": {"covered_lines": 8, "num_statements": 10, "percent_covered": 80.0, "missing_lines": 2, "excluded_lines": 0}, "missing_lines": [21, 27], "excluded_lines": []}, "alembic/versions/20201012151006_0468d531f0fe_remove_test_column.py": {"executed_lines": [1, 8, 9, 13, 14, 15, 16, 19, 25], "summary": {"covered_lines": 8, "num_statements": 10, "percent_covered": 80.0, "missing_lines": 2, "excluded_lines": 0}, "missing_lines": [21, 27], "excluded_lines": []}, "alembic/versions/20201012152116_fd3fd4bf8eca_test_failed.py": {"executed_lines": [1, 8, 9, 13, 14, 15, 16, 19, 23], "summary": {"covered_lines": 8, "num_statements": 10, "percent_covered": 80.0, "missing_lines": 2, "excluded_lines": 0}, "missing_lines": [20, 24], "excluded_lines": []}, "business/__init__.py": {"executed_lines": [2, 3, 4, 7, 13, 14, 22, 25, 26], "summary": {"covered_lines": 9, "num_statements": 23, "percent_covered": 39.130434782608695, "missing_lines": 14, "excluded_lines": 0}, "missing_lines": [15, 16, 17, 18, 19, 20, 21, 29, 30, 31, 32, 33, 34, 36], "excluded_lines": []}, "business/tax_calculation.py": {"executed_lines": [1, 3, 6, 7, 8, 10, 21], "summary": {"covered_lines": 6, "num_statements": 12, "percent_covered": 50.0, "missing_lines": 6, "excluded_lines": 0}, "missing_lines": [13, 14, 15, 16, 18, 24], "excluded_lines": []}, "business/test.py": {"executed_lines": [2, 4, 5, 6, 7, 8, 9, 10, 11, 14, 15, 17, 18, 20, 21, 51, 52, 69, 70, 93], "summary": {"covered_lines": 19, "num_statements": 61, "percent_covered": 31.147540983606557, "missing_lines": 42, "excluded_lines": 0}, "missing_lines": [22, 23, 24, 25, 26, 27, 28, 29, 31, 32, 33, 34, 35, 36, 37, 39, 40, 41, 42, 43, 44, 45, 46, 47, 48, 49, 65, 66, 67, 84, 91, 101, 108, 109, 110, 111, 112, 113, 118, 119, 134, 136], "excluded_lines": []}, "controllers/__init__.py": {"executed_lines": [1], "summary": {"covered_lines": 0, "num_statements": 0, "percent_covered": 100.0, "missing_lines": 0, "excluded_lines": 0}, "missing_lines": [], "excluded_lines": []}, "controllers/test.py": {"executed_lines": [1, 4, 6, 7, 10, 11, 13, 14, 16, 22, 30, 36, 41], "summary": {"covered_lines": 11, "num_statements": 21, "percent_covered": 52.38095238095238, "missing_lines": 10, "excluded_lines": 0}, "missing_lines": [19, 20, 28, 33, 34, 39, 42, 43, 44, 45], "excluded_lines": []}, "datasource/__init__.py": {"executed_lines": [1], "summary": {"covered_lines": 0, "num_statements": 0, "percent_covered": 100.0, "missing_lines": 0, "excluded_lines": 0}, "missing_lines": [], "excluded_lines": []}, "datasource/models/__init__.py": {"executed_lines": [1, 6, 7, 8, 9, 10, 12], "summary": {"covered_lines": 6, "num_statements": 6, "percent_covered": 100.0, "missing_lines": 0, "excluded_lines": 0}, "missing_lines": [], "excluded_lines": []}, "datasource/models/base_model.py": {"executed_lines": [1, 4, 6, 8, 10], "summary": {"covered_lines": 4, "num_statements": 5, "percent_covered": 80.0, "missing_lines": 1, "excluded_lines": 0}, "missing_lines": [11], "excluded_lines": []}, "datasource/models/items.py": {"executed_lines": [1, 4, 5, 6, 7, 10, 11, 13, 14, 19, 20, 22], "summary": {"covered_lines": 10, "num_statements": 10, "percent_covered": 100.0, "missing_lines": 0, "excluded_lines": 0}, "missing_lines": [], "excluded_lines": []}, "datasource/models/shopitems.py": {"executed_lines": [1, 4, 5, 6, 7, 10, 11, 13, 15, 20, 21, 23, 26, 28], "summary": {"covered_lines": 12, "num_statements": 12, "percent_covered": 100.0, "missing_lines": 0, "excluded_lines": 0}, "missing_lines": [], "excluded_lines": []}, "datasource/models/shops.py": {"executed_lines": [1, 4, 5, 6, 7, 10, 11, 13, 14, 19, 21], "summary": {"covered_lines": 9, "num_statements": 9, "percent_covered": 100.0, "missing_lines": 0, "excluded_lines": 0}, "missing_lines": [], "excluded_lines": []}, "datasource/models/test.py": {"executed_lines": [1, 4, 5, 7, 8, 9, 10, 12, 13, 16, 17, 19, 21, 27, 30, 37, 41, 42], "summary": {"covered_lines": 16, "num_statements": 21, "percent_covered": 76.19047619047619, "missing_lines": 5, "excluded_lines": 0}, "missing_lines": [45, 46, 47, 48, 49], "excluded_lines": []}, "datasource/models/variants.py": {"executed_lines": [1, 4, 5, 6, 7, 10, 11, 13, 15, 20, 21, 24, 26], "summary": {"covered_lines": 11, "num_statements": 11, "percent_covered": 100.0, "missing_lines": 0, "excluded_lines": 0}, "missing_lines": [], "excluded_lines": []}, "migration.py": {"executed_lines": [1, 2, 3, 4, 6, 7, 9, 10, 11, 13, 23, 32, 47, 60], "summary": {"covered_lines": 13, "num_statements": 49, "percent_covered": 26.53061224489796, "missing_lines": 36, "excluded_lines": 0}, "missing_lines": [14, 15, 17, 19, 20, 21, 24, 25, 27, 28, 29, 30, 33, 34, 35, 36, 37, 38, 39, 40, 41, 42, 43, 44, 45, 48, 49, 50, 51, 52, 53, 54, 55, 56, 57, 61], "excluded_lines": []}, "serializers/__init__.py": {"executed_lines": [1], "summary": {"covered_lines": 0, "num_statements": 0, "percent_covered": 100.0, "missing_lines": 0, "excluded_lines": 0}, "missing_lines": [], "excluded_lines": []}, "serializers/helpers/__init__.py": {"executed_lines": [1], "summary": {"covered_lines": 0, "num_statements": 0, "percent_covered": 100.0, "missing_lines": 0, "excluded_lines": 0}, "missing_lines": [], "excluded_lines": []}, "serializers/helpers/formatters.py": {"executed_lines": [1, 2, 3, 6, 12], "summary": {"covered_lines": 5, "num_statements": 7, "percent_covered": 71.42857142857143, "missing_lines": 2, "excluded_lines": 0}, "missing_lines": [9, 15], "excluded_lines": []}, "serializers/items.py": {"executed_lines": [1, 4, 5, 7, 8, 11, 12, 15, 20, 31, 42], "summary": {"covered_lines": 9, "num_statements": 18, "percent_covered": 50.0, "missing_lines": 9, "excluded_lines": 0}, "missing_lines": [23, 28, 29, 34, 39, 40, 45, 50, 52], "excluded_lines": []}, "serializers/shopitems.py": {"executed_lines": [1, 4, 5, 6, 7, 9, 10, 11, 14, 15, 18, 23, 38, 55], "summary": {"covered_lines": 12, "num_statements": 40, "percent_covered": 30.0, "missing_lines": 28, "excluded_lines": 0}, "missing_lines": [26, 31, 32, 33, 36, 41, 46, 47, 48, 49, 53, 60, 61, 62, 63, 68, 69, 70, 71, 72, 73, 74, 75, 76, 82, 83, 84, 86], "excluded_lines": []}, "serializers/shops.py": {"executed_lines": [1, 4, 5, 7, 8, 11, 12, 15, 20, 29], "summary": {"covered_lines": 8, "num_statements": 14, "percent_covered": 57.142857142857146, "missing_lines": 6, "excluded_lines": 0}, "missing_lines": [23, 27, 30, 34, 35, 36], "excluded_lines": []}, "serializers/test.py": {"executed_lines": [1, 2, 4, 6, 7, 10, 11, 13, 18, 19, 31, 32], "summary": {"covered_lines": 11, "num_statements": 20, "percent_covered": 55.0, "missing_lines": 9, "excluded_lines": 0}, "missing_lines": [20, 21, 28, 29, 33, 34, 39, 40, 41], "excluded_lines": []}, "serializers/variants.py": {"executed_lines": [1, 4, 5, 7, 8, 11, 12, 14, 15, 20, 29], "summary": {"covered_lines": 9, "num_statements": 13, "percent_covered": 69.23076923076923, "missing_lines": 4, "excluded_lines": 0}, "missing_lines": [23, 27, 32, 36], "excluded_lines": []}, "server.py": {"executed_lines": [3, 4, 6, 7, 9, 10, 11, 13, 14, 15, 16, 17, 18, 19, 20, 23, 27, 37, 38, 39, 42, 43, 44, 45, 46, 47, 48, 49, 50, 51, 55, 61, 63, 67], "summary": {"covered_lines": 33, "num_statements": 43, "percent_covered": 76.74418604651163, "missing_lines": 10, "excluded_lines": 2}, "missing_lines": [24, 32, 33, 34, 68, 70, 71, 72, 74, 75], "excluded_lines": [63, 64]}, "settings.py": {"executed_lines": [1, 3, 5, 8, 9, 10, 11, 12, 14], "summary": {"covered_lines": 8, "num_statements": 8, "percent_covered": 100.0, "missing_lines": 0, "excluded_lines": 0}, "missing_lines": [], "excluded_lines": []}, "tests/__init__.py": {"executed_lines": [1], "summary": {"covered_lines": 0, "num_statements": 0, "percent_covered": 100.0, "missing_lines": 0, "excluded_lines": 0}, "missing_lines": [], "excluded_lines": []}, "tests/alembic/__init__.py": {"executed_lines": [1], "summary": {"covered_lines": 0, "num_statements": 0, "percent_covered": 100.0, "missing_lines": 0, "excluded_lines": 0}, "missing_lines": [], "excluded_lines": []}, "tests/alembic/test_revisions.py": {"executed_lines": [1, 4, 5, 6, 7, 10, 11, 12, 14], "summary": {"covered_lines": 8, "num_statements": 8, "percent_covered": 100.0, "missing_lines": 0, "excluded_lines": 0}, "missing_lines": [], "excluded_lines": []}, "tests/business/__init__.py": {"executed_lines": [], "summary": {"covered_lines": 0, "num_statements": 0, "percent_covered": 100.0, "missing_lines": 0, "excluded_lines": 0}, "missing_lines": [], "excluded_lines": []}, "tests/conftest.py": {"executed_lines": [1], "summary": {"covered_lines": 0, "num_statements": 0, "percent_covered": 100.0, "missing_lines": 0, "excluded_lines": 0}, "missing_lines": [], "excluded_lines": []}, "tests/controllers/__init__.py": {"executed_lines": [], "summary": {"covered_lines": 0, "num_statements": 0, "percent_covered": 100.0, "missing_lines": 0, "excluded_lines": 0}, "missing_lines": [], "excluded_lines": []}, "tests/datasource/__init__.py": {"executed_lines": [], "summary": {"covered_lines": 0, "num_statements": 0, "percent_covered": 100.0, "missing_lines": 0, "excluded_lines": 0}, "missing_lines": [], "excluded_lines": []}, "tests/datasource/model/__init__.py": {"executed_lines": [], "summary": {"covered_lines": 0, "num_statements": 0, "percent_covered": 100.0, "missing_lines": 0, "excluded_lines": 0}, "missing_lines": [], "excluded_lines": []}, "tests/fixtures/__init__.py": {"executed_lines": [], "summary": {"covered_lines": 0, "num_statements": 0, "percent_covered": 100.0, "missing_lines": 0, "excluded_lines": 0}, "missing_lines": [], "excluded_lines": []}, "tests/integration/__init__.py": {"executed_lines": [], "summary": {"covered_lines": 0, "num_statements": 0, "percent_covered": 100.0, "missing_lines": 0, "excluded_lines": 0}, "missing_lines": [], "excluded_lines": []}, "tests/test_server.py": {"executed_lines": [1, 2, 3, 5, 8, 9, 14, 15, 16, 17, 18], "summary": {"covered_lines": 11, "num_statements": 13, "percent_covered": 84.61538461538461, "missing_lines": 2, "excluded_lines": 0}, "missing_lines": [10, 11], "excluded_lines": []}, "tracing.py": {"executed_lines": [1, 3, 4, 5, 6, 7, 8, 11, 12, 13, 14, 15, 16, 19, 34, 76], "summary": {"covered_lines": 16, "num_statements": 47, "percent_covered": 34.04255319148936, "missing_lines": 31, "excluded_lines": 0}, "missing_lines": [20, 24, 31, 35, 36, 37, 38, 39, 40, 41, 42, 43, 44, 45, 46, 47, 50, 53, 56, 59, 60, 61, 63, 64, 65, 66, 69, 71, 72, 73, 77], "excluded_lines": []}, "validations/__init__.py": {"executed_lines": [], "summary": {"covered_lines": 0, "num_statements": 0, "percent_covered": 100.0, "missing_lines": 0, "excluded_lines": 0}, "missing_lines": [], "excluded_lines": []}}, "totals": {"covered_lines": 297, "num_statements": 528, "percent_covered": 76.25, "missing_lines": 231, "excluded_lines": 2}}